<?xml version="1.0" encoding="UTF-8"?>
<!-- Generated by org.testng.reporters.JUnitXMLReporter -->
<testsuite ignored="1" hostname="DESKTOP-89HMT6O" failures="0" tests="1" name="Default test" time="164.333" errors="0" timestamp="2023-12-17T13:28:41 GMT-05:00">
  <testcase classname="com.test.RecipeScrapperTest" name="DiabeticRecipeTest" time="156.792"/>
  <testcase classname="com.test.RecipeScrapperTest" name="HyperTensionRecipeTest" time="0.0">
    <ignored/>
  </testcase> <!-- HyperTensionRecipeTest -->
</testsuite> <!-- Default test -->
