<?xml version="1.0" encoding="UTF-8"?>
<!-- Generated by org.testng.reporters.JUnitXMLReporter -->
<testsuite ignored="2" hostname="DESKTOP-89HMT6O" failures="0" tests="2" name="Test" time="2243.63" errors="0" timestamp="2023-12-18T15:33:26 GMT-05:00">
  <testcase classname="com.test.RecipeScrapperTest" name="HypertensionRecipeTest" time="1577.755"/>
  <testcase classname="com.test.RecipeScrapperTest" name="hyothyriodRecipeTest" time="651.336"/>
  <testcase classname="com.test.RecipeScrapperTest" name="diabeticRecipeTest" time="0.0">
    <ignored/>
  </testcase> <!-- diabeticRecipeTest -->
  <testcase classname="com.test.RecipeScrapperTest" name="PCOSRecipeTest" time="0.0">
    <ignored/>
  </testcase> <!-- PCOSRecipeTest -->
</testsuite> <!-- Test -->
