<?xml version="1.0" encoding="UTF-8"?>
<testng-results ignored="0" total="1" passed="1" failed="0" skipped="0">
  <reporter-output>
  </reporter-output>
  <suite started-at="2023-12-13T10:01:00 CST" name="Default suite" finished-at="2023-12-13T10:01:56 CST" duration-ms="55685">
    <groups>
    </groups>
    <test started-at="2023-12-13T10:01:00 CST" name="Default test" finished-at="2023-12-13T10:01:56 CST" duration-ms="55685">
      <class name="com.test.RecipeScrapperTest">
        <test-method is-config="true" signature="launchApplication()[pri:0, instance:com.test.RecipeScrapperTest@557caf28]" started-at="2023-12-13T10:01:00 CST" name="launchApplication" finished-at="2023-12-13T10:01:31 CST" duration-ms="31134" status="PASS">
          <reporter-output>
          </reporter-output>
        </test-method> <!-- launchApplication -->
        <test-method signature="DiebiaticRecipe()[pri:0, instance:com.test.RecipeScrapperTest@557caf28]" started-at="2023-12-13T10:01:31 CST" name="DiebiaticRecipe" finished-at="2023-12-13T10:01:56 CST" duration-ms="24412" status="PASS">
          <reporter-output>
          </reporter-output>
        </test-method> <!-- DiebiaticRecipe -->
      </class> <!-- com.test.RecipeScrapperTest -->
    </test> <!-- Default test -->
  </suite> <!-- Default suite -->
</testng-results>
